<?xml version="1.0" encoding="UTF-8"?>
<testng-results ignored="1" total="1" passed="0" failed="0" skipped="0">
  <reporter-output>
  </reporter-output>
  <suite started-at="2022-10-18T17:28:21 IST" name="Default suite" finished-at="2022-10-18T17:28:21 IST" duration-ms="71">
    <groups>
    </groups>
    <test started-at="2022-10-18T17:28:21 IST" name="Default test" finished-at="2022-10-18T17:28:21 IST" duration-ms="71">
      <class name="com.MyStore.base.BaseClass">
        <test-method is-config="true" signature="loadConfig()[pri:0, instance:com.MyStore.base.BaseClass@32502377]" started-at="2022-10-18T17:28:21 IST" name="loadConfig" finished-at="2022-10-18T17:28:21 IST" duration-ms="38" status="PASS">
          <reporter-output>
          </reporter-output>
        </test-method> <!-- loadConfig -->
      </class> <!-- com.MyStore.base.BaseClass -->
    </test> <!-- Default test -->
  </suite> <!-- Default suite -->
</testng-results>
